<?xml version="1.0" encoding="UTF-8"?>
<!-- Generated by org.testng.reporters.JUnitXMLReporter -->
<testsuite ignored="0" hostname="Rita" failures="1" tests="2" name="Default test" time="22.589" errors="0" timestamp="2024-06-21T10:22:27 IST">
  <testcase classname="io.cucumber.testng.AbstractTestNGCucumberTests" name="runScenario" time="11.254"/>
  <testcase classname="io.cucumber.testng.AbstractTestNGCucumberTests" name="runScenario" time="10.837">
    <failure type="java.lang.AssertionError" message="nevigate to homepage expected [true] but found [false]">
      <![CDATA[java.lang.AssertionError: nevigate to homepage expected [true] but found [false]
at org.testng.Assert.fail(Assert.java:99)
at org.testng.Assert.failNotEquals(Assert.java:1037)
at org.testng.Assert.assertTrue(Assert.java:45)
at StepDefination.LoginStepDefination_POM.user_is_navigated_to_home_page(LoginStepDefination_POM.java:55)
at âœ½.User is navigated to home page(file:///C:/Users/91824/OneDrive%20-%20Technology%20Risk%20Limited/Desktop/BDDftamework/src/test/resources/feture/login.feature:6)
]]>
    </failure>
  </testcase> <!-- runScenario -->
</testsuite> <!-- Default test -->
